<?xml version="1.0" encoding="UTF-8"?>
<!-- Generated by org.testng.reporters.JUnitXMLReporter -->
<testsuite hostname="MSI" ignored="0" name="Default test" tests="5" failures="0" timestamp="2022-06-01T19:47:49 IST" time="109.969" errors="0">
  <testcase name="enterUsernamePassword" time="0.285" classname="testScenarios.TestLoginPage"/>
  <testcase name="testProduct" time="0.104" classname="testScenarios.TestLoginPage"/>
  <testcase name="testSingleProductPage" time="50.052" classname="testScenarios.TestLoginPage"/>
  <testcase name="click_btn_Cart" time="0.057" classname="testScenarios.TestLoginPage"/>
  <testcase name="verifyCartItem" time="55.053" classname="testScenarios.TestLoginPage"/>
</testsuite> <!-- Default test -->
