<?xml version="1.0" encoding="UTF-8"?>
<!-- Generated by org.testng.reporters.JUnitXMLReporter -->
<testsuite hostname="MSI" ignored="0" name="Default test" tests="4" failures="0" timestamp="2022-06-01T09:07:30 IST" time="57.352" errors="0">
  <testcase name="enterUsernamePassword" time="0.279" classname="testScenarios.TestLoginPage"/>
  <testcase name="testProduct" time="0.112" classname="testScenarios.TestLoginPage"/>
  <testcase name="testSingleProductPage" time="50.074" classname="testScenarios.TestLoginPage"/>
  <testcase name="click_btn_Cart" time="2.063" classname="testScenarios.TestLoginPage"/>
</testsuite> <!-- Default test -->
