<?xml version="1.0" encoding="UTF-8"?>
<testng-results skipped="0" failed="0" ignored="0" total="2" passed="2">
  <reporter-output>
  </reporter-output>
  <suite name="Default suite" duration-ms="161654" started-at="2022-05-30T20:43:53 IST" finished-at="2022-05-30T20:46:34 IST">
    <groups>
    </groups>
    <test name="Default test" duration-ms="161654" started-at="2022-05-30T20:43:53 IST" finished-at="2022-05-30T20:46:34 IST">
      <class name="testScenarios.TestLoginPage">
        <test-method status="PASS" signature="beforeTest()[pri:0, instance:testScenarios.TestLoginPage@29b5cd00]" name="beforeTest" is-config="true" duration-ms="4371" started-at="2022-05-30T20:43:53 IST" finished-at="2022-05-30T20:43:57 IST">
          <reporter-output>
          </reporter-output>
        </test-method> <!-- beforeTest -->
        <test-method status="PASS" signature="enterUsername()[pri:0, instance:testScenarios.TestLoginPage@29b5cd00]" name="enterUsername" duration-ms="303" started-at="2022-05-30T20:43:57 IST" finished-at="2022-05-30T20:43:57 IST">
          <reporter-output>
          </reporter-output>
        </test-method> <!-- enterUsername -->
        <test-method status="PASS" signature="testProduct()[pri:0, instance:testScenarios.TestLoginPage@29b5cd00]" name="testProduct" duration-ms="156930" started-at="2022-05-30T20:43:57 IST" finished-at="2022-05-30T20:46:34 IST">
          <reporter-output>
          </reporter-output>
        </test-method> <!-- testProduct -->
        <test-method status="PASS" signature="afterTest()[pri:0, instance:testScenarios.TestLoginPage@29b5cd00]" name="afterTest" is-config="true" duration-ms="0" started-at="2022-05-30T20:46:34 IST" finished-at="2022-05-30T20:46:34 IST">
          <reporter-output>
          </reporter-output>
        </test-method> <!-- afterTest -->
      </class> <!-- testScenarios.TestLoginPage -->
    </test> <!-- Default test -->
  </suite> <!-- Default suite -->
</testng-results>
